CRITICAL - 2023-08-08 02:56:12 --> Undefined variable $variable
in APPPATH\Views\welcome_message.php on line 255.
 1 APPPATH\Views\welcome_message.php(255): CodeIgniter\Debug\Exceptions->errorHandler(2, 'Undefined variable $variable', 'E:\\xampp\\htdocs\\Codeigniter4\\app\\Views\\welcome_message.php', 255)
 2 SYSTEMPATH\View\View.php(224): include('E:\\xampp\\htdocs\\Codeigniter4\\app\\Views\\welcome_message.php')
 3 SYSTEMPATH\View\View.php(227): CodeIgniter\View\View->CodeIgniter\View\{closure}()
 4 SYSTEMPATH\Common.php(1176): CodeIgniter\View\View->render('welcome_message', [], true)
 5 APPPATH\Controllers\Home.php(9): view('welcome_message')
 6 SYSTEMPATH\CodeIgniter.php(932): App\Controllers\Home->index()
 7 SYSTEMPATH\CodeIgniter.php(497): CodeIgniter\CodeIgniter->runController(Object(App\Controllers\Home))
 8 SYSTEMPATH\CodeIgniter.php(366): CodeIgniter\CodeIgniter->handleRequest(null, Object(Config\Cache), false)
 9 FCPATH\index.php(67): CodeIgniter\CodeIgniter->run()
10 SYSTEMPATH\Commands\Server\rewrite.php(47): require_once('E:\\xampp\\htdocs\\Codeigniter4\\public\\index.php')
CRITICAL - 2023-08-08 03:02:16 --> App\Controllers\Home::index(): Return value must be of type string, none returned
in APPPATH\Controllers\Home.php on line 11.
 1 SYSTEMPATH\CodeIgniter.php(932): App\Controllers\Home->index()
 2 SYSTEMPATH\CodeIgniter.php(497): CodeIgniter\CodeIgniter->runController(Object(App\Controllers\Home))
 3 SYSTEMPATH\CodeIgniter.php(366): CodeIgniter\CodeIgniter->handleRequest(null, Object(Config\Cache), false)
 4 FCPATH\index.php(67): CodeIgniter\CodeIgniter->run()
 5 SYSTEMPATH\Commands\Server\rewrite.php(47): require_once('E:\\xampp\\htdocs\\Codeigniter4\\public\\index.php')
CRITICAL - 2023-08-08 03:02:28 --> App\Controllers\Home::index(): Return value must be of type string, none returned
in APPPATH\Controllers\Home.php on line 11.
 1 SYSTEMPATH\CodeIgniter.php(932): App\Controllers\Home->index()
 2 SYSTEMPATH\CodeIgniter.php(497): CodeIgniter\CodeIgniter->runController(Object(App\Controllers\Home))
 3 SYSTEMPATH\CodeIgniter.php(366): CodeIgniter\CodeIgniter->handleRequest(null, Object(Config\Cache), false)
 4 FCPATH\index.php(67): CodeIgniter\CodeIgniter->run()
 5 SYSTEMPATH\Commands\Server\rewrite.php(47): require_once('E:\\xampp\\htdocs\\Codeigniter4\\public\\index.php')
CRITICAL - 2023-08-08 03:03:23 --> syntax error, unexpected token "{"
in APPPATH\Controllers\Home.php on line 8.
 1 SYSTEMPATH\Autoloader\Autoloader.php(291): CodeIgniter\Autoloader\Autoloader->includeFile('E:\\xampp\\htdocs\\Codeigniter4\\app\\Controllers\\Home.php')
 2 SYSTEMPATH\Autoloader\Autoloader.php(269): CodeIgniter\Autoloader\Autoloader->loadInNamespace('App\\Controllers\\Home')
 3 [internal function]: CodeIgniter\Autoloader\Autoloader->loadClass('App\\Controllers\\Home')
 4 SYSTEMPATH\CodeIgniter.php(890): class_exists('\\App\\Controllers\\Home', true)
 5 SYSTEMPATH\CodeIgniter.php(484): CodeIgniter\CodeIgniter->startController()
 6 SYSTEMPATH\CodeIgniter.php(366): CodeIgniter\CodeIgniter->handleRequest(null, Object(Config\Cache), false)
 7 FCPATH\index.php(67): CodeIgniter\CodeIgniter->run()
 8 SYSTEMPATH\Commands\Server\rewrite.php(47): require_once('E:\\xampp\\htdocs\\Codeigniter4\\public\\index.php')
CRITICAL - 2023-08-08 03:03:30 --> App\Controllers\Home::index(): Return value must be of type string, none returned
in APPPATH\Controllers\Home.php on line 11.
 1 SYSTEMPATH\CodeIgniter.php(932): App\Controllers\Home->index()
 2 SYSTEMPATH\CodeIgniter.php(497): CodeIgniter\CodeIgniter->runController(Object(App\Controllers\Home))
 3 SYSTEMPATH\CodeIgniter.php(366): CodeIgniter\CodeIgniter->handleRequest(null, Object(Config\Cache), false)
 4 FCPATH\index.php(67): CodeIgniter\CodeIgniter->run()
 5 SYSTEMPATH\Commands\Server\rewrite.php(47): require_once('E:\\xampp\\htdocs\\Codeigniter4\\public\\index.php')
CRITICAL - 2023-08-08 03:04:19 --> syntax error, unexpected token "echo", expecting ";"
in APPPATH\Controllers\Home.php on line 10.
 1 SYSTEMPATH\Autoloader\Autoloader.php(291): CodeIgniter\Autoloader\Autoloader->includeFile('E:\\xampp\\htdocs\\Codeigniter4\\app\\Controllers\\Home.php')
 2 SYSTEMPATH\Autoloader\Autoloader.php(269): CodeIgniter\Autoloader\Autoloader->loadInNamespace('App\\Controllers\\Home')
 3 [internal function]: CodeIgniter\Autoloader\Autoloader->loadClass('App\\Controllers\\Home')
 4 SYSTEMPATH\CodeIgniter.php(890): class_exists('\\App\\Controllers\\Home', true)
 5 SYSTEMPATH\CodeIgniter.php(484): CodeIgniter\CodeIgniter->startController()
 6 SYSTEMPATH\CodeIgniter.php(366): CodeIgniter\CodeIgniter->handleRequest(null, Object(Config\Cache), false)
 7 FCPATH\index.php(67): CodeIgniter\CodeIgniter->run()
 8 SYSTEMPATH\Commands\Server\rewrite.php(47): require_once('E:\\xampp\\htdocs\\Codeigniter4\\public\\index.php')
CRITICAL - 2023-08-08 03:04:30 --> App\Controllers\Home::index(): Return value must be of type string, none returned
in APPPATH\Controllers\Home.php on line 12.
 1 SYSTEMPATH\CodeIgniter.php(932): App\Controllers\Home->index()
 2 SYSTEMPATH\CodeIgniter.php(497): CodeIgniter\CodeIgniter->runController(Object(App\Controllers\Home))
 3 SYSTEMPATH\CodeIgniter.php(366): CodeIgniter\CodeIgniter->handleRequest(null, Object(Config\Cache), false)
 4 FCPATH\index.php(67): CodeIgniter\CodeIgniter->run()
 5 SYSTEMPATH\Commands\Server\rewrite.php(47): require_once('E:\\xampp\\htdocs\\Codeigniter4\\public\\index.php')
CRITICAL - 2023-08-08 03:04:48 --> syntax error, unexpected token "}", expecting ";"
in APPPATH\Controllers\Home.php on line 12.
 1 SYSTEMPATH\Autoloader\Autoloader.php(291): CodeIgniter\Autoloader\Autoloader->includeFile('E:\\xampp\\htdocs\\Codeigniter4\\app\\Controllers\\Home.php')
 2 SYSTEMPATH\Autoloader\Autoloader.php(269): CodeIgniter\Autoloader\Autoloader->loadInNamespace('App\\Controllers\\Home')
 3 [internal function]: CodeIgniter\Autoloader\Autoloader->loadClass('App\\Controllers\\Home')
 4 SYSTEMPATH\CodeIgniter.php(890): class_exists('\\App\\Controllers\\Home', true)
 5 SYSTEMPATH\CodeIgniter.php(484): CodeIgniter\CodeIgniter->startController()
 6 SYSTEMPATH\CodeIgniter.php(366): CodeIgniter\CodeIgniter->handleRequest(null, Object(Config\Cache), false)
 7 FCPATH\index.php(67): CodeIgniter\CodeIgniter->run()
 8 SYSTEMPATH\Commands\Server\rewrite.php(47): require_once('E:\\xampp\\htdocs\\Codeigniter4\\public\\index.php')
CRITICAL - 2023-08-08 06:44:30 --> Unclosed '{' on line 14
in APPPATH\Controllers\Coba.php on line 20.
 1 SYSTEMPATH\Autoloader\Autoloader.php(291): CodeIgniter\Autoloader\Autoloader->includeFile('E:\\xampp\\htdocs\\Codeigniter4\\app\\Controllers\\Coba.php')
 2 SYSTEMPATH\Autoloader\Autoloader.php(269): CodeIgniter\Autoloader\Autoloader->loadInNamespace('App\\Controllers\\Coba')
 3 [internal function]: CodeIgniter\Autoloader\Autoloader->loadClass('App\\Controllers\\Coba')
 4 SYSTEMPATH\CodeIgniter.php(890): class_exists('\\App\\Controllers\\Coba', true)
 5 SYSTEMPATH\CodeIgniter.php(484): CodeIgniter\CodeIgniter->startController()
 6 SYSTEMPATH\CodeIgniter.php(366): CodeIgniter\CodeIgniter->handleRequest(null, Object(Config\Cache), false)
 7 FCPATH\index.php(67): CodeIgniter\CodeIgniter->run()
 8 SYSTEMPATH\Commands\Server\rewrite.php(47): require_once('E:\\xampp\\htdocs\\Codeigniter4\\public\\index.php')
CRITICAL - 2023-08-08 06:50:02 --> syntax error, unexpected token "if"
in APPPATH\Config\Routes.php on line 54.
 1 SYSTEMPATH\CodeIgniter.php(800): CodeIgniter\Router\RouteCollection->loadRoutes()
 2 SYSTEMPATH\CodeIgniter.php(447): CodeIgniter\CodeIgniter->tryToRouteIt(null)
 3 SYSTEMPATH\CodeIgniter.php(366): CodeIgniter\CodeIgniter->handleRequest(null, Object(Config\Cache), false)
 4 FCPATH\index.php(67): CodeIgniter\CodeIgniter->run()
 5 SYSTEMPATH\Commands\Server\rewrite.php(47): require_once('E:\\xampp\\htdocs\\Codeigniter4\\public\\index.php')
CRITICAL - 2023-08-08 06:50:31 --> syntax error, unexpected token "if"
in APPPATH\Config\Routes.php on line 54.
 1 SYSTEMPATH\CodeIgniter.php(800): CodeIgniter\Router\RouteCollection->loadRoutes()
 2 SYSTEMPATH\CodeIgniter.php(447): CodeIgniter\CodeIgniter->tryToRouteIt(null)
 3 SYSTEMPATH\CodeIgniter.php(366): CodeIgniter\CodeIgniter->handleRequest(null, Object(Config\Cache), false)
 4 FCPATH\index.php(67): CodeIgniter\CodeIgniter->run()
 5 SYSTEMPATH\Commands\Server\rewrite.php(47): require_once('E:\\xampp\\htdocs\\Codeigniter4\\public\\index.php')
CRITICAL - 2023-08-08 06:54:05 --> Invalid file: "home.php"
in SYSTEMPATH\Exceptions\FrameworkException.php on line 33.
 1 SYSTEMPATH\View\View.php(212): CodeIgniter\Exceptions\FrameworkException::forInvalidFile('home.php')
 2 SYSTEMPATH\Common.php(1176): CodeIgniter\View\View->render('home', [], true)
 3 APPPATH\Controllers\Pages.php(10): view('home')
 4 SYSTEMPATH\CodeIgniter.php(932): App\Controllers\Pages->index()
 5 SYSTEMPATH\CodeIgniter.php(497): CodeIgniter\CodeIgniter->runController(Object(App\Controllers\Pages))
 6 SYSTEMPATH\CodeIgniter.php(366): CodeIgniter\CodeIgniter->handleRequest(null, Object(Config\Cache), false)
 7 FCPATH\index.php(67): CodeIgniter\CodeIgniter->run()
 8 SYSTEMPATH\Commands\Server\rewrite.php(47): require_once('E:\\xampp\\htdocs\\Codeigniter4\\public\\index.php')
CRITICAL - 2023-08-08 07:19:57 --> view(): Argument #2 ($data) must be of type array, string given, called in E:\xampp\htdocs\Codeigniter4\app\Controllers\Pages.php on line 10
in SYSTEMPATH\Common.php on line 1164.
 1 APPPATH\Controllers\Pages.php(10): view('layout/header', 'Belajar Ulang PHP')
 2 SYSTEMPATH\CodeIgniter.php(932): App\Controllers\Pages->index()
 3 SYSTEMPATH\CodeIgniter.php(497): CodeIgniter\CodeIgniter->runController(Object(App\Controllers\Pages))
 4 SYSTEMPATH\CodeIgniter.php(366): CodeIgniter\CodeIgniter->handleRequest(null, Object(Config\Cache), false)
 5 FCPATH\index.php(67): CodeIgniter\CodeIgniter->run()
 6 SYSTEMPATH\Commands\Server\rewrite.php(47): require_once('E:\\xampp\\htdocs\\Codeigniter4\\public\\index.php')
CRITICAL - 2023-08-08 07:21:25 --> Undefined variable $title
in APPPATH\Views\layout\header.php on line 6.
 1 APPPATH\Views\layout\header.php(6): CodeIgniter\Debug\Exceptions->errorHandler(2, 'Undefined variable $title', 'E:\\xampp\\htdocs\\Codeigniter4\\app\\Views\\layout\\header.php', 6)
 2 SYSTEMPATH\View\View.php(224): include('E:\\xampp\\htdocs\\Codeigniter4\\app\\Views\\layout\\header.php')
 3 SYSTEMPATH\View\View.php(227): CodeIgniter\View\View->CodeIgniter\View\{closure}()
 4 SYSTEMPATH\Common.php(1176): CodeIgniter\View\View->render('layout/header', [], true)
 5 APPPATH\Controllers\Pages.php(20): view('layout/header')
 6 SYSTEMPATH\CodeIgniter.php(932): App\Controllers\Pages->about()
 7 SYSTEMPATH\CodeIgniter.php(497): CodeIgniter\CodeIgniter->runController(Object(App\Controllers\Pages))
 8 SYSTEMPATH\CodeIgniter.php(366): CodeIgniter\CodeIgniter->handleRequest(null, Object(Config\Cache), false)
 9 FCPATH\index.php(67): CodeIgniter\CodeIgniter->run()
10 SYSTEMPATH\Commands\Server\rewrite.php(47): require_once('E:\\xampp\\htdocs\\Codeigniter4\\public\\index.php')
CRITICAL - 2023-08-08 07:22:57 --> Undefined variable $title
in APPPATH\Views\layout\header.php on line 6.
 1 APPPATH\Views\layout\header.php(6): CodeIgniter\Debug\Exceptions->errorHandler(2, 'Undefined variable $title', 'E:\\xampp\\htdocs\\Codeigniter4\\app\\Views\\layout\\header.php', 6)
 2 SYSTEMPATH\View\View.php(224): include('E:\\xampp\\htdocs\\Codeigniter4\\app\\Views\\layout\\header.php')
 3 SYSTEMPATH\View\View.php(227): CodeIgniter\View\View->CodeIgniter\View\{closure}()
 4 SYSTEMPATH\Common.php(1176): CodeIgniter\View\View->render('layout/header', [], true)
 5 APPPATH\Controllers\Pages.php(24): view('layout/header')
 6 SYSTEMPATH\CodeIgniter.php(932): App\Controllers\Pages->about()
 7 SYSTEMPATH\CodeIgniter.php(497): CodeIgniter\CodeIgniter->runController(Object(App\Controllers\Pages))
 8 SYSTEMPATH\CodeIgniter.php(366): CodeIgniter\CodeIgniter->handleRequest(null, Object(Config\Cache), false)
 9 FCPATH\index.php(67): CodeIgniter\CodeIgniter->run()
10 SYSTEMPATH\Commands\Server\rewrite.php(47): require_once('E:\\xampp\\htdocs\\Codeigniter4\\public\\index.php')
CRITICAL - 2023-08-08 07:23:11 --> Undefined variable $tes
in APPPATH\Views\pages\home.php on line 5.
 1 APPPATH\Views\pages\home.php(5): CodeIgniter\Debug\Exceptions->errorHandler(2, 'Undefined variable $tes', 'E:\\xampp\\htdocs\\Codeigniter4\\app\\Views\\pages\\home.php', 5)
 2 SYSTEMPATH\View\View.php(224): include('E:\\xampp\\htdocs\\Codeigniter4\\app\\Views\\pages\\home.php')
 3 SYSTEMPATH\View\View.php(227): CodeIgniter\View\View->CodeIgniter\View\{closure}()
 4 SYSTEMPATH\Common.php(1176): CodeIgniter\View\View->render('pages/home', [], true)
 5 APPPATH\Controllers\Pages.php(14): view('pages/home')
 6 SYSTEMPATH\CodeIgniter.php(932): App\Controllers\Pages->index()
 7 SYSTEMPATH\CodeIgniter.php(497): CodeIgniter\CodeIgniter->runController(Object(App\Controllers\Pages))
 8 SYSTEMPATH\CodeIgniter.php(366): CodeIgniter\CodeIgniter->handleRequest(null, Object(Config\Cache), false)
 9 FCPATH\index.php(67): CodeIgniter\CodeIgniter->run()
10 SYSTEMPATH\Commands\Server\rewrite.php(47): require_once('E:\\xampp\\htdocs\\Codeigniter4\\public\\index.php')
CRITICAL - 2023-08-08 07:23:39 --> Undefined variable $tes
in APPPATH\Views\pages\home.php on line 5.
 1 APPPATH\Views\pages\home.php(5): CodeIgniter\Debug\Exceptions->errorHandler(2, 'Undefined variable $tes', 'E:\\xampp\\htdocs\\Codeigniter4\\app\\Views\\pages\\home.php', 5)
 2 SYSTEMPATH\View\View.php(224): include('E:\\xampp\\htdocs\\Codeigniter4\\app\\Views\\pages\\home.php')
 3 SYSTEMPATH\View\View.php(227): CodeIgniter\View\View->CodeIgniter\View\{closure}()
 4 SYSTEMPATH\Common.php(1176): CodeIgniter\View\View->render('pages/home', [], true)
 5 APPPATH\Controllers\Pages.php(14): view('pages/home')
 6 SYSTEMPATH\CodeIgniter.php(932): App\Controllers\Pages->index()
 7 SYSTEMPATH\CodeIgniter.php(497): CodeIgniter\CodeIgniter->runController(Object(App\Controllers\Pages))
 8 SYSTEMPATH\CodeIgniter.php(366): CodeIgniter\CodeIgniter->handleRequest(null, Object(Config\Cache), false)
 9 FCPATH\index.php(67): CodeIgniter\CodeIgniter->run()
10 SYSTEMPATH\Commands\Server\rewrite.php(47): require_once('E:\\xampp\\htdocs\\Codeigniter4\\public\\index.php')
CRITICAL - 2023-08-08 07:36:43 --> Undefined array key "tipe"
in APPPATH\Views\pages\contact.php on line 10.
 1 APPPATH\Views\pages\contact.php(10): CodeIgniter\Debug\Exceptions->errorHandler(2, 'Undefined array key "tipe"', 'E:\\xampp\\htdocs\\Codeigniter4\\app\\Views\\pages\\contact.php', 10)
 2 SYSTEMPATH\View\View.php(224): include('E:\\xampp\\htdocs\\Codeigniter4\\app\\Views\\pages\\contact.php')
 3 SYSTEMPATH\View\View.php(227): CodeIgniter\View\View->CodeIgniter\View\{closure}()
 4 SYSTEMPATH\Common.php(1176): CodeIgniter\View\View->render('pages/contact', [], true)
 5 APPPATH\Controllers\Pages.php(42): view('pages/contact', [...])
 6 SYSTEMPATH\CodeIgniter.php(932): App\Controllers\Pages->contact()
 7 SYSTEMPATH\CodeIgniter.php(497): CodeIgniter\CodeIgniter->runController(Object(App\Controllers\Pages))
 8 SYSTEMPATH\CodeIgniter.php(366): CodeIgniter\CodeIgniter->handleRequest(null, Object(Config\Cache), false)
 9 FCPATH\index.php(67): CodeIgniter\CodeIgniter->run()
10 SYSTEMPATH\Commands\Server\rewrite.php(47): require_once('E:\\xampp\\htdocs\\Codeigniter4\\public\\index.php')
CRITICAL - 2023-08-08 09:29:06 --> Undefined property: CodeIgniter\View\View::$endSection
in APPPATH\Views\komik\index.php on line 40.
 1 APPPATH\Views\komik\index.php(40): CodeIgniter\Debug\Exceptions->errorHandler(2, 'Undefined property: CodeIgniter\\View\\View::$endSection', 'E:\\xampp\\htdocs\\Codeigniter4\\app\\Views\\komik\\index.php', 40)
 2 SYSTEMPATH\View\View.php(224): include('E:\\xampp\\htdocs\\Codeigniter4\\app\\Views\\komik\\index.php')
 3 SYSTEMPATH\View\View.php(227): CodeIgniter\View\View->CodeIgniter\View\{closure}()
 4 SYSTEMPATH\Common.php(1176): CodeIgniter\View\View->render('komik/index', [], true)
 5 APPPATH\Controllers\Comics.php(12): view('komik/index', [...])
 6 SYSTEMPATH\CodeIgniter.php(932): App\Controllers\Comics->index()
 7 SYSTEMPATH\CodeIgniter.php(497): CodeIgniter\CodeIgniter->runController(Object(App\Controllers\Comics))
 8 SYSTEMPATH\CodeIgniter.php(366): CodeIgniter\CodeIgniter->handleRequest(null, Object(Config\Cache), false)
 9 FCPATH\index.php(67): CodeIgniter\CodeIgniter->run()
10 SYSTEMPATH\Commands\Server\rewrite.php(47): require_once('E:\\xampp\\htdocs\\Codeigniter4\\public\\index.php')
ERROR - 2023-08-08 10:02:21 --> mysqli_sql_exception: Table 'ci4.komik' doesn't exist in E:\xampp\htdocs\Codeigniter4\system\Database\MySQLi\Connection.php:295
Stack trace:
#0 E:\xampp\htdocs\Codeigniter4\system\Database\MySQLi\Connection.php(295): mysqli->query('SELECT * FROM k...', 0)
#1 E:\xampp\htdocs\Codeigniter4\system\Database\BaseConnection.php(692): CodeIgniter\Database\MySQLi\Connection->execute('SELECT * FROM k...')
#2 E:\xampp\htdocs\Codeigniter4\system\Database\BaseConnection.php(606): CodeIgniter\Database\BaseConnection->simpleQuery('SELECT * FROM k...')
#3 E:\xampp\htdocs\Codeigniter4\app\Controllers\Proyek.php(15): CodeIgniter\Database\BaseConnection->query('SELECT * FROM k...')
#4 E:\xampp\htdocs\Codeigniter4\system\CodeIgniter.php(932): App\Controllers\Proyek->index()
#5 E:\xampp\htdocs\Codeigniter4\system\CodeIgniter.php(497): CodeIgniter\CodeIgniter->runController(Object(App\Controllers\Proyek))
#6 E:\xampp\htdocs\Codeigniter4\system\CodeIgniter.php(366): CodeIgniter\CodeIgniter->handleRequest(NULL, Object(Config\Cache), false)
#7 E:\xampp\htdocs\Codeigniter4\public\index.php(67): CodeIgniter\CodeIgniter->run()
#8 E:\xampp\htdocs\Codeigniter4\system\Commands\Server\rewrite.php(47): require_once('E:\\xampp\\htdocs...')
#9 {main}
CRITICAL - 2023-08-08 10:02:21 --> Table 'ci4.komik' doesn't exist
in SYSTEMPATH\Database\MySQLi\Connection.php on line 295.
 1 SYSTEMPATH\Database\MySQLi\Connection.php(295): mysqli->query('SELECT * FROM komik', 0)
 2 SYSTEMPATH\Database\BaseConnection.php(692): CodeIgniter\Database\MySQLi\Connection->execute('SELECT * FROM komik')
 3 SYSTEMPATH\Database\BaseConnection.php(606): CodeIgniter\Database\BaseConnection->simpleQuery('SELECT * FROM komik')
 4 APPPATH\Controllers\Proyek.php(15): CodeIgniter\Database\BaseConnection->query('SELECT * FROM komik')
 5 SYSTEMPATH\CodeIgniter.php(932): App\Controllers\Proyek->index()
 6 SYSTEMPATH\CodeIgniter.php(497): CodeIgniter\CodeIgniter->runController(Object(App\Controllers\Proyek))
 7 SYSTEMPATH\CodeIgniter.php(366): CodeIgniter\CodeIgniter->handleRequest(null, Object(Config\Cache), false)
 8 FCPATH\index.php(67): CodeIgniter\CodeIgniter->run()
 9 SYSTEMPATH\Commands\Server\rewrite.php(47): require_once('E:\\xampp\\htdocs\\Codeigniter4\\public\\index.php')
CRITICAL - 2023-08-08 12:24:11 --> syntax error, unexpected token "return"
in APPPATH\Controllers\Proyek.php on line 24.
 1 SYSTEMPATH\Router\Router.php(510): CodeIgniter\Router\AutoRouter->getRoute('proyek/index', 'get')
 2 SYSTEMPATH\Router\Router.php(208): CodeIgniter\Router\Router->autoRoute('proyek/index')
 3 SYSTEMPATH\CodeIgniter.php(813): CodeIgniter\Router\Router->handle('proyek/index')
 4 SYSTEMPATH\CodeIgniter.php(447): CodeIgniter\CodeIgniter->tryToRouteIt(Object(CodeIgniter\Router\RouteCollection))
 5 SYSTEMPATH\CodeIgniter.php(366): CodeIgniter\CodeIgniter->handleRequest(null, Object(Config\Cache), false)
 6 FCPATH\index.php(67): CodeIgniter\CodeIgniter->run()
 7 SYSTEMPATH\Commands\Server\rewrite.php(47): require_once('E:\\xampp\\htdocs\\Codeigniter4\\public\\index.php')
CRITICAL - 2023-08-08 13:12:33 --> syntax error, unexpected token "]"
in APPPATH\Controllers\Proyek.php on line 20.
 1 SYSTEMPATH\Router\Router.php(510): CodeIgniter\Router\AutoRouter->getRoute('proyek/index', 'get')
 2 SYSTEMPATH\Router\Router.php(208): CodeIgniter\Router\Router->autoRoute('proyek/index')
 3 SYSTEMPATH\CodeIgniter.php(813): CodeIgniter\Router\Router->handle('proyek/index')
 4 SYSTEMPATH\CodeIgniter.php(447): CodeIgniter\CodeIgniter->tryToRouteIt(Object(CodeIgniter\Router\RouteCollection))
 5 SYSTEMPATH\CodeIgniter.php(366): CodeIgniter\CodeIgniter->handleRequest(null, Object(Config\Cache), false)
 6 FCPATH\index.php(67): CodeIgniter\CodeIgniter->run()
 7 SYSTEMPATH\Commands\Server\rewrite.php(47): require_once('E:\\xampp\\htdocs\\Codeigniter4\\public\\index.php')
CRITICAL - 2023-08-08 13:13:07 --> syntax error, unexpected token "]"
in APPPATH\Controllers\Proyek.php on line 20.
 1 SYSTEMPATH\Router\Router.php(510): CodeIgniter\Router\AutoRouter->getRoute('proyek/index', 'get')
 2 SYSTEMPATH\Router\Router.php(208): CodeIgniter\Router\Router->autoRoute('proyek/index')
 3 SYSTEMPATH\CodeIgniter.php(813): CodeIgniter\Router\Router->handle('proyek/index')
 4 SYSTEMPATH\CodeIgniter.php(447): CodeIgniter\CodeIgniter->tryToRouteIt(Object(CodeIgniter\Router\RouteCollection))
 5 SYSTEMPATH\CodeIgniter.php(366): CodeIgniter\CodeIgniter->handleRequest(null, Object(Config\Cache), false)
 6 FCPATH\index.php(67): CodeIgniter\CodeIgniter->run()
 7 SYSTEMPATH\Commands\Server\rewrite.php(47): require_once('E:\\xampp\\htdocs\\Codeigniter4\\public\\index.php')
CRITICAL - 2023-08-08 13:13:28 --> syntax error, unexpected token ";", expecting "]"
in APPPATH\Controllers\Proyek.php on line 19.
 1 SYSTEMPATH\Router\Router.php(510): CodeIgniter\Router\AutoRouter->getRoute('proyek/index', 'get')
 2 SYSTEMPATH\Router\Router.php(208): CodeIgniter\Router\Router->autoRoute('proyek/index')
 3 SYSTEMPATH\CodeIgniter.php(813): CodeIgniter\Router\Router->handle('proyek/index')
 4 SYSTEMPATH\CodeIgniter.php(447): CodeIgniter\CodeIgniter->tryToRouteIt(Object(CodeIgniter\Router\RouteCollection))
 5 SYSTEMPATH\CodeIgniter.php(366): CodeIgniter\CodeIgniter->handleRequest(null, Object(Config\Cache), false)
 6 FCPATH\index.php(67): CodeIgniter\CodeIgniter->run()
 7 SYSTEMPATH\Commands\Server\rewrite.php(47): require_once('E:\\xampp\\htdocs\\Codeigniter4\\public\\index.php')
CRITICAL - 2023-08-08 13:13:33 --> Class "App\Controllers\ProyekModel" not found
in APPPATH\Controllers\Proyek.php on line 11.
 1 SYSTEMPATH\CodeIgniter.php(904): App\Controllers\Proyek->__construct()
 2 SYSTEMPATH\CodeIgniter.php(488): CodeIgniter\CodeIgniter->createController()
 3 SYSTEMPATH\CodeIgniter.php(366): CodeIgniter\CodeIgniter->handleRequest(null, Object(Config\Cache), false)
 4 FCPATH\index.php(67): CodeIgniter\CodeIgniter->run()
 5 SYSTEMPATH\Commands\Server\rewrite.php(47): require_once('E:\\xampp\\htdocs\\Codeigniter4\\public\\index.php')
CRITICAL - 2023-08-08 13:15:05 --> Class "APp\Models\ProyekModel" not found
in APPPATH\Controllers\Proyek.php on line 13.
 1 SYSTEMPATH\CodeIgniter.php(904): App\Controllers\Proyek->__construct()
 2 SYSTEMPATH\CodeIgniter.php(488): CodeIgniter\CodeIgniter->createController()
 3 SYSTEMPATH\CodeIgniter.php(366): CodeIgniter\CodeIgniter->handleRequest(null, Object(Config\Cache), false)
 4 FCPATH\index.php(67): CodeIgniter\CodeIgniter->run()
 5 SYSTEMPATH\Commands\Server\rewrite.php(47): require_once('E:\\xampp\\htdocs\\Codeigniter4\\public\\index.php')
CRITICAL - 2023-08-08 13:15:30 --> syntax error, unexpected token "endforeach", expecting end of file
in APPPATH\Views\proyek\index.php on line 30.
 1 SYSTEMPATH\View\View.php(227): CodeIgniter\View\View->CodeIgniter\View\{closure}()
 2 SYSTEMPATH\Common.php(1176): CodeIgniter\View\View->render('proyek/index', [], true)
 3 APPPATH\Controllers\Proyek.php(33): view('proyek/index', [...])
 4 SYSTEMPATH\CodeIgniter.php(932): App\Controllers\Proyek->index()
 5 SYSTEMPATH\CodeIgniter.php(497): CodeIgniter\CodeIgniter->runController(Object(App\Controllers\Proyek))
 6 SYSTEMPATH\CodeIgniter.php(366): CodeIgniter\CodeIgniter->handleRequest(null, Object(Config\Cache), false)
 7 FCPATH\index.php(67): CodeIgniter\CodeIgniter->run()
 8 SYSTEMPATH\Commands\Server\rewrite.php(47): require_once('E:\\xampp\\htdocs\\Codeigniter4\\public\\index.php')
CRITICAL - 2023-08-08 13:15:44 --> syntax error, unexpected token "endforeach", expecting end of file
in APPPATH\Views\proyek\index.php on line 30.
 1 SYSTEMPATH\View\View.php(227): CodeIgniter\View\View->CodeIgniter\View\{closure}()
 2 SYSTEMPATH\Common.php(1176): CodeIgniter\View\View->render('proyek/index', [], true)
 3 APPPATH\Controllers\Proyek.php(33): view('proyek/index', [...])
 4 SYSTEMPATH\CodeIgniter.php(932): App\Controllers\Proyek->index()
 5 SYSTEMPATH\CodeIgniter.php(497): CodeIgniter\CodeIgniter->runController(Object(App\Controllers\Proyek))
 6 SYSTEMPATH\CodeIgniter.php(366): CodeIgniter\CodeIgniter->handleRequest(null, Object(Config\Cache), false)
 7 FCPATH\index.php(67): CodeIgniter\CodeIgniter->run()
 8 SYSTEMPATH\Commands\Server\rewrite.php(47): require_once('E:\\xampp\\htdocs\\Codeigniter4\\public\\index.php')
CRITICAL - 2023-08-08 13:17:20 --> Undefined variable $komik
in APPPATH\Views\proyek\index.php on line 20.
 1 APPPATH\Views\proyek\index.php(20): CodeIgniter\Debug\Exceptions->errorHandler(2, 'Undefined variable $komik', 'E:\\xampp\\htdocs\\Codeigniter4\\app\\Views\\proyek\\index.php', 20)
 2 SYSTEMPATH\View\View.php(224): include('E:\\xampp\\htdocs\\Codeigniter4\\app\\Views\\proyek\\index.php')
 3 SYSTEMPATH\View\View.php(227): CodeIgniter\View\View->CodeIgniter\View\{closure}()
 4 SYSTEMPATH\Common.php(1176): CodeIgniter\View\View->render('proyek/index', [], true)
 5 APPPATH\Controllers\Proyek.php(33): view('proyek/index', [...])
 6 SYSTEMPATH\CodeIgniter.php(932): App\Controllers\Proyek->index()
 7 SYSTEMPATH\CodeIgniter.php(497): CodeIgniter\CodeIgniter->runController(Object(App\Controllers\Proyek))
 8 SYSTEMPATH\CodeIgniter.php(366): CodeIgniter\CodeIgniter->handleRequest(null, Object(Config\Cache), false)
 9 FCPATH\index.php(67): CodeIgniter\CodeIgniter->run()
10 SYSTEMPATH\Commands\Server\rewrite.php(47): require_once('E:\\xampp\\htdocs\\Codeigniter4\\public\\index.php')
CRITICAL - 2023-08-08 13:29:25 --> Undefined variable $slug
in APPPATH\Controllers\Proyek.php on line 38.
 1 APPPATH\Controllers\Proyek.php(38): CodeIgniter\Debug\Exceptions->errorHandler(2, 'Undefined variable $slug', 'E:\\xampp\\htdocs\\Codeigniter4\\app\\Controllers\\Proyek.php', 38)
 2 SYSTEMPATH\CodeIgniter.php(932): App\Controllers\Proyek->detail('index')
 3 SYSTEMPATH\CodeIgniter.php(497): CodeIgniter\CodeIgniter->runController(Object(App\Controllers\Proyek))
 4 SYSTEMPATH\CodeIgniter.php(366): CodeIgniter\CodeIgniter->handleRequest(null, Object(Config\Cache), false)
 5 FCPATH\index.php(67): CodeIgniter\CodeIgniter->run()
 6 SYSTEMPATH\Commands\Server\rewrite.php(47): require_once('E:\\xampp\\htdocs\\Codeigniter4\\public\\index.php')
CRITICAL - 2023-08-08 13:30:20 --> Undefined variable $slug
in APPPATH\Controllers\Proyek.php on line 38.
 1 APPPATH\Controllers\Proyek.php(38): CodeIgniter\Debug\Exceptions->errorHandler(2, 'Undefined variable $slug', 'E:\\xampp\\htdocs\\Codeigniter4\\app\\Controllers\\Proyek.php', 38)
 2 SYSTEMPATH\CodeIgniter.php(932): App\Controllers\Proyek->detail('webtix')
 3 SYSTEMPATH\CodeIgniter.php(497): CodeIgniter\CodeIgniter->runController(Object(App\Controllers\Proyek))
 4 SYSTEMPATH\CodeIgniter.php(366): CodeIgniter\CodeIgniter->handleRequest(null, Object(Config\Cache), false)
 5 FCPATH\index.php(67): CodeIgniter\CodeIgniter->run()
 6 SYSTEMPATH\Commands\Server\rewrite.php(47): require_once('E:\\xampp\\htdocs\\Codeigniter4\\public\\index.php')
ERROR - 2023-08-08 13:34:27 --> mysqli_sql_exception: Unknown column 'sluge' in 'where clause' in E:\xampp\htdocs\Codeigniter4\system\Database\MySQLi\Connection.php:295
Stack trace:
#0 E:\xampp\htdocs\Codeigniter4\system\Database\MySQLi\Connection.php(295): mysqli->query('SELECT *\nFROM `...', 0)
#1 E:\xampp\htdocs\Codeigniter4\system\Database\BaseConnection.php(692): CodeIgniter\Database\MySQLi\Connection->execute('SELECT *\nFROM `...')
#2 E:\xampp\htdocs\Codeigniter4\system\Database\BaseConnection.php(606): CodeIgniter\Database\BaseConnection->simpleQuery('SELECT *\nFROM `...')
#3 E:\xampp\htdocs\Codeigniter4\system\Database\BaseBuilder.php(1616): CodeIgniter\Database\BaseConnection->query('SELECT *\nFROM `...', Array, false)
#4 E:\xampp\htdocs\Codeigniter4\system\Model.php(268): CodeIgniter\Database\BaseBuilder->get()
#5 E:\xampp\htdocs\Codeigniter4\system\BaseModel.php(656): CodeIgniter\Model->doFirst()
#6 E:\xampp\htdocs\Codeigniter4\app\Models\ProyekModel.php(18): CodeIgniter\BaseModel->first()
#7 E:\xampp\htdocs\Codeigniter4\app\Controllers\Proyek.php(38): App\Models\ProyekModel->getProyek('webtix')
#8 E:\xampp\htdocs\Codeigniter4\system\CodeIgniter.php(932): App\Controllers\Proyek->detail('webtix')
#9 E:\xampp\htdocs\Codeigniter4\system\CodeIgniter.php(497): CodeIgniter\CodeIgniter->runController(Object(App\Controllers\Proyek))
#10 E:\xampp\htdocs\Codeigniter4\system\CodeIgniter.php(366): CodeIgniter\CodeIgniter->handleRequest(NULL, Object(Config\Cache), false)
#11 E:\xampp\htdocs\Codeigniter4\public\index.php(67): CodeIgniter\CodeIgniter->run()
#12 E:\xampp\htdocs\Codeigniter4\system\Commands\Server\rewrite.php(47): require_once('E:\\xampp\\htdocs...')
#13 {main}
CRITICAL - 2023-08-08 13:34:27 --> Unknown column 'sluge' in 'where clause'
in SYSTEMPATH\Database\MySQLi\Connection.php on line 295.
 1 SYSTEMPATH\Database\MySQLi\Connection.php(295): mysqli->query('SELECT *
FROM `proyek`
WHERE `sluge` = \'webtix\'
 LIMIT 1', 0)
 2 SYSTEMPATH\Database\BaseConnection.php(692): CodeIgniter\Database\MySQLi\Connection->execute('SELECT *
FROM `proyek`
WHERE `sluge` = \'webtix\'
 LIMIT 1')
 3 SYSTEMPATH\Database\BaseConnection.php(606): CodeIgniter\Database\BaseConnection->simpleQuery('SELECT *
FROM `proyek`
WHERE `sluge` = \'webtix\'
 LIMIT 1')
 4 SYSTEMPATH\Database\BaseBuilder.php(1616): CodeIgniter\Database\BaseConnection->query('SELECT *
FROM `proyek`
WHERE `sluge` = :sluge:
 LIMIT 1', [...], false)
 5 SYSTEMPATH\Model.php(268): CodeIgniter\Database\BaseBuilder->get()
 6 SYSTEMPATH\BaseModel.php(656): CodeIgniter\Model->doFirst()
 7 APPPATH\Models\ProyekModel.php(18): CodeIgniter\BaseModel->first()
 8 APPPATH\Controllers\Proyek.php(38): App\Models\ProyekModel->getProyek('webtix')
 9 SYSTEMPATH\CodeIgniter.php(932): App\Controllers\Proyek->detail('webtix')
10 SYSTEMPATH\CodeIgniter.php(497): CodeIgniter\CodeIgniter->runController(Object(App\Controllers\Proyek))
11 SYSTEMPATH\CodeIgniter.php(366): CodeIgniter\CodeIgniter->handleRequest(null, Object(Config\Cache), false)
12 FCPATH\index.php(67): CodeIgniter\CodeIgniter->run()
13 SYSTEMPATH\Commands\Server\rewrite.php(47): require_once('E:\\xampp\\htdocs\\Codeigniter4\\public\\index.php')
CRITICAL - 2023-08-08 13:37:49 --> Undefined variable $k
in APPPATH\Views\proyek\detail.php on line 5.
 1 APPPATH\Views\proyek\detail.php(5): CodeIgniter\Debug\Exceptions->errorHandler(2, 'Undefined variable $k', 'E:\\xampp\\htdocs\\Codeigniter4\\app\\Views\\proyek\\detail.php', 5)
 2 SYSTEMPATH\View\View.php(224): include('E:\\xampp\\htdocs\\Codeigniter4\\app\\Views\\proyek\\detail.php')
 3 SYSTEMPATH\View\View.php(227): CodeIgniter\View\View->CodeIgniter\View\{closure}()
 4 SYSTEMPATH\Common.php(1176): CodeIgniter\View\View->render('proyek/detail', [], true)
 5 APPPATH\Controllers\Proyek.php(42): view('proyek/detail', [...])
 6 SYSTEMPATH\CodeIgniter.php(932): App\Controllers\Proyek->detail('webtix')
 7 SYSTEMPATH\CodeIgniter.php(497): CodeIgniter\CodeIgniter->runController(Object(App\Controllers\Proyek))
 8 SYSTEMPATH\CodeIgniter.php(366): CodeIgniter\CodeIgniter->handleRequest(null, Object(Config\Cache), false)
 9 FCPATH\index.php(67): CodeIgniter\CodeIgniter->run()
10 SYSTEMPATH\Commands\Server\rewrite.php(47): require_once('E:\\xampp\\htdocs\\Codeigniter4\\public\\index.php')
